<?xml version="1.0" encoding="UTF-8"?>
<testsuite xmlns:xsi="http://www.w3.org/2001/XMLSchema-instance" xsi:noNamespaceSchemaLocation="https://maven.apache.org/surefire/maven-surefire-plugin/xsd/surefire-test-report.xsd" version="3.0.2" name="org.alertas.alertas_api.AlertasApiApplicationTests" time="1.43" tests="1" errors="0" skipped="0" failures="0">
  <properties>
[...]
</properties>
  <testcase name="contextLoads" classname="org.alertas.alertas_api.AlertasApiApplicationTests" time="0.256">
    <system-out><![CDATA[11:17:04.486 [main] INFO org.springframework.test.context.support.AnnotationConfigContextLoaderUtils -- Could not detect default configuration classes for test class [org.alertas.alertas_api.AlertasApiApplicationTests]: AlertasApiApplicationTests does not declare any static, non-private, non-final, nested classes annotated with @Configuration.
11:17:04.519 [main] INFO org.springframework.boot.test.context.SpringBootTestContextBootstrapper -- Found @SpringBootConfiguration org.alertas.alertas_api.AlertasApiApplication for test class org.alertas.alertas_api.AlertasApiApplicationTests
11:17:04.558 [main] INFO org.springframework.boot.devtools.restart.RestartApplicationListener -- Restart disabled due to context in which it is running

  .   ____          _            __ _ _
 /\\ / ___'_ __ _ _(_)_ __  __ _ \ \ \ \
( ( )\___ | '_ | '_| | '_ \/ _` | \ \ \ \
 \\/  ___)| |_)| | | | | || (_| |  ) ) ) )
  '  |____| .__|_| |_|_| |_\__, | / / / /
 =========|_|==============|___/=/_/_/_/

 :: Spring Boot ::                (v3.4.4)

2025-04-22T11:17:04.630-05:00  INFO 67358 --- [alertas_api] [           main] o.a.a.AlertasApiApplicationTests         : Starting AlertasApiApplicationTests using Java 23.0.2 with PID 67358 (started by jhonatanveloza in /Library/Desarrollo/Universidad/ELECTIVA 3/alertas_api)
2025-04-22T11:17:04.630-05:00  INFO 67358 --- [alertas_api] [           main] o.a.a.AlertasApiApplicationTests         : No active profile set, falling back to 1 default profile: "default"
2025-04-22T11:17:04.806-05:00  INFO 67358 --- [alertas_api] [           main] .s.d.r.c.RepositoryConfigurationDelegate : Bootstrapping Spring Data JPA repositories in DEFAULT mode.
2025-04-22T11:17:04.820-05:00  INFO 67358 --- [alertas_api] [           main] .s.d.r.c.RepositoryConfigurationDelegate : Finished Spring Data repository scanning in 11 ms. Found 1 JPA repository interface.
2025-04-22T11:17:05.047-05:00  INFO 67358 --- [alertas_api] [           main] o.s.o.j.p.SpringPersistenceUnitInfo      : No LoadTimeWeaver setup: ignoring JPA class transformer
2025-04-22T11:17:05.055-05:00  INFO 67358 --- [alertas_api] [           main] com.zaxxer.hikari.HikariDataSource       : HikariPool-1 - Starting...
2025-04-22T11:17:05.100-05:00  INFO 67358 --- [alertas_api] [           main] com.zaxxer.hikari.pool.HikariPool        : HikariPool-1 - Added connection org.postgresql.jdbc.PgConnection@752973de
2025-04-22T11:17:05.101-05:00  INFO 67358 --- [alertas_api] [           main] com.zaxxer.hikari.HikariDataSource       : HikariPool-1 - Start completed.
2025-04-22T11:17:05.369-05:00  INFO 67358 --- [alertas_api] [           main] j.LocalContainerEntityManagerFactoryBean : Initialized JPA EntityManagerFactory for persistence unit 'default'
2025-04-22T11:17:05.491-05:00  WARN 67358 --- [alertas_api] [           main] JpaBaseConfiguration$JpaWebConfiguration : spring.jpa.open-in-view is enabled by default. Therefore, database queries may be performed during view rendering. Explicitly configure spring.jpa.open-in-view to disable this warning
2025-04-22T11:17:05.600-05:00  INFO 67358 --- [alertas_api] [           main] .w.s.a.s.AnnotationActionEndpointMapping : Supporting [WS-Addressing August 2004, WS-Addressing 1.0]
2025-04-22T11:17:05.613-05:00  INFO 67358 --- [alertas_api] [           main] o.a.a.AlertasApiApplicationTests         : Started AlertasApiApplicationTests in 1.058 seconds (process running for 1.323)
]]></system-out>
    <system-err><![CDATA[Mockito is currently self-attaching to enable the inline-mock-maker. This will no longer work in future releases of the JDK. Please add Mockito as an agent to your build what is described in Mockito's documentation: https://javadoc.io/doc/org.mockito/mockito-core/latest/org/mockito/Mockito.html#0.3
WARNING: A Java agent has been loaded dynamically (/Users/jhonatanveloza/.m2/repository/net/bytebuddy/byte-buddy-agent/1.15.11/byte-buddy-agent-1.15.11.jar)
WARNING: If a serviceability tool is in use, please run with -XX:+EnableDynamicAgentLoading to hide this warning
WARNING: If a serviceability tool is not in use, please run with -Djdk.instrument.traceUsage for more information
WARNING: Dynamic loading of agents will be disallowed by default in a future release
]]></system-err>
  </testcase>
</testsuite>